<?xml version="1.0" encoding="UTF-8"?>
<testsuite name="com.mindex.challenge.DataBootstrapTest" tests="1" skipped="0" failures="0" errors="0" timestamp="2025-02-06T01:09:51" hostname="MSI" time="0.815">
  <properties/>
  <testcase name="test" classname="com.mindex.challenge.DataBootstrapTest" time="0.815"/>
  <system-out><![CDATA[20:09:48.863 [Test worker] INFO org.springframework.test.context.support.AnnotationConfigContextLoaderUtils -- Could not detect default configuration classes for test class [com.mindex.challenge.DataBootstrapTest]: DataBootstrapTest does not declare any static, non-private, non-final, nested classes annotated with @Configuration.
20:09:48.981 [Test worker] INFO org.springframework.boot.test.context.SpringBootTestContextBootstrapper -- Found @SpringBootConfiguration com.mindex.challenge.ChallengeApplication for test class com.mindex.challenge.DataBootstrapTest

  .   ____          _            __ _ _
 /\\ / ___'_ __ _ _(_)_ __  __ _ \ \ \ \
( ( )\___ | '_ | '_| | '_ \/ _` | \ \ \ \
 \\/  ___)| |_)| | | | | || (_| |  ) ) ) )
  '  |____| .__|_| |_|_| |_\__, | / / / /
 =========|_|==============|___/=/_/_/_/
 :: Spring Boot ::                (v3.2.3)

2025-02-05T20:09:49.359-05:00  INFO 23464 --- [    Test worker] com.mindex.challenge.DataBootstrapTest   : Starting DataBootstrapTest using Java 17.0.11 with PID 23464 (started by BrantleysPC in C:\Users\BrantleysPC\Downloads\mindex-code-challenge\mindex-code-challenge)
2025-02-05T20:09:49.360-05:00 DEBUG 23464 --- [    Test worker] com.mindex.challenge.DataBootstrapTest   : Running with Spring Boot v3.2.3, Spring v6.1.4
2025-02-05T20:09:49.361-05:00  INFO 23464 --- [    Test worker] com.mindex.challenge.DataBootstrapTest   : No active profile set, falling back to 1 default profile: "default"
2025-02-05T20:09:49.798-05:00  INFO 23464 --- [    Test worker] .s.d.r.c.RepositoryConfigurationDelegate : Bootstrapping Spring Data MongoDB repositories in DEFAULT mode.
2025-02-05T20:09:49.841-05:00  INFO 23464 --- [    Test worker] .s.d.r.c.RepositoryConfigurationDelegate : Finished Spring Data repository scanning in 39 ms. Found 2 MongoDB repository interfaces.
2025-02-05T20:09:50.527-05:00  INFO 23464 --- [    Test worker] de.bwaldvogel.mongo.MongoServer          : started MongoServer(port: 57050, ssl: false)
2025-02-05T20:09:50.652-05:00  INFO 23464 --- [    Test worker] org.mongodb.driver.client                : MongoClient with metadata {"driver": {"name": "mongo-java-driver|sync", "version": "4.11.1"}, "os": {"type": "Windows", "name": "Windows 11", "architecture": "amd64", "version": "10.0"}, "platform": "Java/Oracle Corporation/17.0.11+7-LTS-207"} created with settings MongoClientSettings{readPreference=primary, writeConcern=WriteConcern{w=null, wTimeout=null ms, journal=null}, retryWrites=true, retryReads=true, readConcern=ReadConcern{level=null}, credential=null, transportSettings=null, streamFactoryFactory=null, commandListeners=[], codecRegistry=ProvidersCodecRegistry{codecProviders=[ValueCodecProvider{}, BsonValueCodecProvider{}, DBRefCodecProvider{}, DBObjectCodecProvider{}, DocumentCodecProvider{}, CollectionCodecProvider{}, IterableCodecProvider{}, MapCodecProvider{}, GeoJsonCodecProvider{}, GridFSFileCodecProvider{}, Jsr310CodecProvider{}, JsonObjectCodecProvider{}, BsonCodecProvider{}, EnumCodecProvider{}, com.mongodb.client.model.mql.ExpressionCodecProvider@456f7d9e, com.mongodb.Jep395RecordCodecProvider@75d366c2, com.mongodb.KotlinCodecProvider@8f40022]}, loggerSettings=LoggerSettings{maxDocumentLength=1000}, clusterSettings={hosts=[kubernetes.docker.internal:57050], srvServiceName=mongodb, mode=SINGLE, requiredClusterType=UNKNOWN, requiredReplicaSetName='null', serverSelector='null', clusterListeners='[]', serverSelectionTimeout='30000 ms', localThreshold='15 ms'}, socketSettings=SocketSettings{connectTimeoutMS=10000, readTimeoutMS=0, receiveBufferSize=0, proxySettings=ProxySettings{host=null, port=null, username=null, password=null}}, heartbeatSocketSettings=SocketSettings{connectTimeoutMS=10000, readTimeoutMS=10000, receiveBufferSize=0, proxySettings=ProxySettings{host=null, port=null, username=null, password=null}}, connectionPoolSettings=ConnectionPoolSettings{maxSize=100, minSize=0, maxWaitTimeMS=120000, maxConnectionLifeTimeMS=0, maxConnectionIdleTimeMS=0, maintenanceInitialDelayMS=0, maintenanceFrequencyMS=60000, connectionPoolListeners=[], maxConnecting=2}, serverSettings=ServerSettings{heartbeatFrequencyMS=10000, minHeartbeatFrequencyMS=500, serverListeners='[]', serverMonitorListeners='[]'}, sslSettings=SslSettings{enabled=false, invalidHostNameAllowed=false, context=null}, applicationName='null', compressorList=[], uuidRepresentation=UNSPECIFIED, serverApi=null, autoEncryptionSettings=null, dnsClient=null, inetAddressResolver=null, contextProvider=null}
2025-02-05T20:09:50.664-05:00  INFO 23464 --- [-server-worker1] d.b.mongo.wire.MongoWireProtocolHandler  : client [id: 0x486df55c, L:/127.0.0.1:57050 - R:/127.0.0.1:57052] connected
2025-02-05T20:09:50.664-05:00  INFO 23464 --- [-server-worker2] d.b.mongo.wire.MongoWireProtocolHandler  : client [id: 0x15922416, L:/127.0.0.1:57050 - R:/127.0.0.1:57051] connected
2025-02-05T20:09:50.723-05:00  INFO 23464 --- [.internal:57050] org.mongodb.driver.cluster               : Monitor thread successfully connected to server with description ServerDescription{address=kubernetes.docker.internal:57050, type=STANDALONE, state=CONNECTED, ok=true, minWireVersion=0, maxWireVersion=6, maxDocumentSize=16777216, logicalSessionTimeoutMinutes=null, roundTripTimeNanos=75687500}
2025-02-05T20:09:51.116-05:00  INFO 23464 --- [-server-worker3] d.b.mongo.wire.MongoWireProtocolHandler  : client [id: 0xb0ecce92, L:/127.0.0.1:57050 - R:/127.0.0.1:57054] connected
2025-02-05T20:09:51.156-05:00  INFO 23464 --- [-server-worker3] d.b.mongo.backend.AbstractMongoBackend   : created database test
2025-02-05T20:09:51.244-05:00  INFO 23464 --- [-server-worker3] d.b.mongo.backend.AbstractMongoDatabase  : adding unique _id index for collection employee
2025-02-05T20:09:51.249-05:00  INFO 23464 --- [-server-worker3] d.b.mongo.backend.AbstractMongoDatabase  : created collection test.employee
2025-02-05T20:09:51.697-05:00  INFO 23464 --- [    Test worker] com.mindex.challenge.DataBootstrapTest   : Started DataBootstrapTest in 2.565 seconds (process running for 3.506)
]]></system-out>
  <system-err><![CDATA[]]></system-err>
</testsuite>
