<?xml version="1.0" encoding="UTF-8"?>
<testsuite name="com.mindex.challenge.service.impl.ReportingStructureServiceImplTest" tests="1" skipped="0" failures="0" errors="0" timestamp="2025-02-05T20:28:30" hostname="MSI" time="1.407">
  <properties/>
  <testcase name="testReportingStructure" classname="com.mindex.challenge.service.impl.ReportingStructureServiceImplTest" time="1.407"/>
  <system-out><![CDATA[15:28:27.178 [Test worker] INFO org.springframework.test.context.support.AnnotationConfigContextLoaderUtils -- Could not detect default configuration classes for test class [com.mindex.challenge.service.impl.ReportingStructureServiceImplTest]: ReportingStructureServiceImplTest does not declare any static, non-private, non-final, nested classes annotated with @Configuration.
15:28:27.308 [Test worker] INFO org.springframework.boot.test.context.SpringBootTestContextBootstrapper -- Found @SpringBootConfiguration com.mindex.challenge.ChallengeApplication for test class com.mindex.challenge.service.impl.ReportingStructureServiceImplTest

  .   ____          _            __ _ _
 /\\ / ___'_ __ _ _(_)_ __  __ _ \ \ \ \
( ( )\___ | '_ | '_| | '_ \/ _` | \ \ \ \
 \\/  ___)| |_)| | | | | || (_| |  ) ) ) )
  '  |____| .__|_| |_|_| |_\__, | / / / /
 =========|_|==============|___/=/_/_/_/
 :: Spring Boot ::                (v3.2.3)

2025-02-05T15:28:27.692-05:00  INFO 17572 --- [    Test worker] .c.s.i.ReportingStructureServiceImplTest : Starting ReportingStructureServiceImplTest using Java 17.0.11 with PID 17572 (started by BrantleysPC in C:\Users\BrantleysPC\Downloads\mindex-code-challenge\mindex-code-challenge)
2025-02-05T15:28:27.693-05:00 DEBUG 17572 --- [    Test worker] .c.s.i.ReportingStructureServiceImplTest : Running with Spring Boot v3.2.3, Spring v6.1.4
2025-02-05T15:28:27.694-05:00  INFO 17572 --- [    Test worker] .c.s.i.ReportingStructureServiceImplTest : No active profile set, falling back to 1 default profile: "default"
2025-02-05T15:28:28.141-05:00  INFO 17572 --- [    Test worker] .s.d.r.c.RepositoryConfigurationDelegate : Bootstrapping Spring Data MongoDB repositories in DEFAULT mode.
2025-02-05T15:28:28.176-05:00  INFO 17572 --- [    Test worker] .s.d.r.c.RepositoryConfigurationDelegate : Finished Spring Data repository scanning in 29 ms. Found 1 MongoDB repository interface.
2025-02-05T15:28:28.793-05:00  INFO 17572 --- [    Test worker] o.s.b.w.embedded.tomcat.TomcatWebServer  : Tomcat initialized with port 0 (http)
2025-02-05T15:28:28.805-05:00  INFO 17572 --- [    Test worker] o.apache.catalina.core.StandardService   : Starting service [Tomcat]
2025-02-05T15:28:28.805-05:00  INFO 17572 --- [    Test worker] o.apache.catalina.core.StandardEngine    : Starting Servlet engine: [Apache Tomcat/10.1.19]
2025-02-05T15:28:28.881-05:00  INFO 17572 --- [    Test worker] o.a.c.c.C.[Tomcat].[localhost].[/]       : Initializing Spring embedded WebApplicationContext
2025-02-05T15:28:28.883-05:00  INFO 17572 --- [    Test worker] w.s.c.ServletWebServerApplicationContext : Root WebApplicationContext: initialization completed in 1169 ms
2025-02-05T15:28:29.204-05:00  INFO 17572 --- [    Test worker] de.bwaldvogel.mongo.MongoServer          : started MongoServer(port: 51528, ssl: false)
2025-02-05T15:28:29.379-05:00  INFO 17572 --- [    Test worker] org.mongodb.driver.client                : MongoClient with metadata {"driver": {"name": "mongo-java-driver|sync", "version": "4.11.1"}, "os": {"type": "Windows", "name": "Windows 11", "architecture": "amd64", "version": "10.0"}, "platform": "Java/Oracle Corporation/17.0.11+7-LTS-207"} created with settings MongoClientSettings{readPreference=primary, writeConcern=WriteConcern{w=null, wTimeout=null ms, journal=null}, retryWrites=true, retryReads=true, readConcern=ReadConcern{level=null}, credential=null, transportSettings=null, streamFactoryFactory=null, commandListeners=[], codecRegistry=ProvidersCodecRegistry{codecProviders=[ValueCodecProvider{}, BsonValueCodecProvider{}, DBRefCodecProvider{}, DBObjectCodecProvider{}, DocumentCodecProvider{}, CollectionCodecProvider{}, IterableCodecProvider{}, MapCodecProvider{}, GeoJsonCodecProvider{}, GridFSFileCodecProvider{}, Jsr310CodecProvider{}, JsonObjectCodecProvider{}, BsonCodecProvider{}, EnumCodecProvider{}, com.mongodb.client.model.mql.ExpressionCodecProvider@4bc9ca97, com.mongodb.Jep395RecordCodecProvider@3e43f049, com.mongodb.KotlinCodecProvider@147cc940]}, loggerSettings=LoggerSettings{maxDocumentLength=1000}, clusterSettings={hosts=[kubernetes.docker.internal:51528], srvServiceName=mongodb, mode=SINGLE, requiredClusterType=UNKNOWN, requiredReplicaSetName='null', serverSelector='null', clusterListeners='[]', serverSelectionTimeout='30000 ms', localThreshold='15 ms'}, socketSettings=SocketSettings{connectTimeoutMS=10000, readTimeoutMS=0, receiveBufferSize=0, proxySettings=ProxySettings{host=null, port=null, username=null, password=null}}, heartbeatSocketSettings=SocketSettings{connectTimeoutMS=10000, readTimeoutMS=10000, receiveBufferSize=0, proxySettings=ProxySettings{host=null, port=null, username=null, password=null}}, connectionPoolSettings=ConnectionPoolSettings{maxSize=100, minSize=0, maxWaitTimeMS=120000, maxConnectionLifeTimeMS=0, maxConnectionIdleTimeMS=0, maintenanceInitialDelayMS=0, maintenanceFrequencyMS=60000, connectionPoolListeners=[], maxConnecting=2}, serverSettings=ServerSettings{heartbeatFrequencyMS=10000, minHeartbeatFrequencyMS=500, serverListeners='[]', serverMonitorListeners='[]'}, sslSettings=SslSettings{enabled=false, invalidHostNameAllowed=false, context=null}, applicationName='null', compressorList=[], uuidRepresentation=UNSPECIFIED, serverApi=null, autoEncryptionSettings=null, dnsClient=null, inetAddressResolver=null, contextProvider=null}
2025-02-05T15:28:29.393-05:00  INFO 17572 --- [-server-worker2] d.b.mongo.wire.MongoWireProtocolHandler  : client [id: 0xcc537f4d, L:/127.0.0.1:51528 - R:/127.0.0.1:51530] connected
2025-02-05T15:28:29.393-05:00  INFO 17572 --- [-server-worker1] d.b.mongo.wire.MongoWireProtocolHandler  : client [id: 0xac564204, L:/127.0.0.1:51528 - R:/127.0.0.1:51529] connected
2025-02-05T15:28:29.466-05:00  INFO 17572 --- [.internal:51528] org.mongodb.driver.cluster               : Monitor thread successfully connected to server with description ServerDescription{address=kubernetes.docker.internal:51528, type=STANDALONE, state=CONNECTED, ok=true, minWireVersion=0, maxWireVersion=6, maxDocumentSize=16777216, logicalSessionTimeoutMinutes=null, roundTripTimeNanos=95303400}
2025-02-05T15:28:29.879-05:00  INFO 17572 --- [-server-worker3] d.b.mongo.wire.MongoWireProtocolHandler  : client [id: 0x1f391872, L:/127.0.0.1:51528 - R:/127.0.0.1:51531] connected
2025-02-05T15:28:29.905-05:00  INFO 17572 --- [-server-worker3] d.b.mongo.backend.AbstractMongoBackend   : created database test
2025-02-05T15:28:29.909-05:00  INFO 17572 --- [-server-worker3] d.b.mongo.backend.AbstractMongoDatabase  : adding unique _id index for collection employee
2025-02-05T15:28:29.914-05:00  INFO 17572 --- [-server-worker3] d.b.mongo.backend.AbstractMongoDatabase  : created collection test.employee
2025-02-05T15:28:30.259-05:00  INFO 17572 --- [    Test worker] o.s.b.w.embedded.tomcat.TomcatWebServer  : Tomcat started on port 51532 (http) with context path ''
2025-02-05T15:28:30.270-05:00  INFO 17572 --- [    Test worker] .c.s.i.ReportingStructureServiceImplTest : Started ReportingStructureServiceImplTest in 2.811 seconds (process running for 4.016)
2025-02-05T15:28:31.476-05:00  INFO 17572 --- [o-auto-1-exec-1] o.a.c.c.C.[Tomcat].[localhost].[/]       : Initializing Spring DispatcherServlet 'dispatcherServlet'
2025-02-05T15:28:31.477-05:00  INFO 17572 --- [o-auto-1-exec-1] o.s.web.servlet.DispatcherServlet        : Initializing Servlet 'dispatcherServlet'
2025-02-05T15:28:31.479-05:00  INFO 17572 --- [o-auto-1-exec-1] o.s.web.servlet.DispatcherServlet        : Completed initialization in 1 ms
2025-02-05T15:28:31.526-05:00 DEBUG 17572 --- [o-auto-1-exec-1] c.m.c.c.ReportingStructureController     : Received reporting structure request for id [16a596ae-edd3-4847-99fe-c4518e82c86f]
2025-02-05T15:28:31.526-05:00 DEBUG 17572 --- [o-auto-1-exec-1] c.m.c.s.i.ReportingStructureServiceImpl  : Generating reporting structure for id [16a596ae-edd3-4847-99fe-c4518e82c86f]
2025-02-05T15:28:31.650-05:00 DEBUG 17572 --- [o-auto-1-exec-2] c.m.c.c.ReportingStructureController     : Received reporting structure request for id [03aa1462-ffa9-4978-901b-7c001562cf6f]
2025-02-05T15:28:31.651-05:00 DEBUG 17572 --- [o-auto-1-exec-2] c.m.c.s.i.ReportingStructureServiceImpl  : Generating reporting structure for id [03aa1462-ffa9-4978-901b-7c001562cf6f]
2025-02-05T15:28:31.665-05:00 DEBUG 17572 --- [o-auto-1-exec-3] c.m.c.c.ReportingStructureController     : Received reporting structure request for id [62c1084e-6e34-4630-93fd-9153afb65309]
2025-02-05T15:28:31.666-05:00 DEBUG 17572 --- [o-auto-1-exec-3] c.m.c.s.i.ReportingStructureServiceImpl  : Generating reporting structure for id [62c1084e-6e34-4630-93fd-9153afb65309]
]]></system-out>
  <system-err><![CDATA[]]></system-err>
</testsuite>
