<?xml version="1.0" encoding="UTF-8"?>
<testsuite name="com.mindex.challenge.service.impl.ReportingStructureServiceImplTest" tests="5" skipped="0" failures="0" errors="0" timestamp="2025-02-06T00:23:23" hostname="MSI" time="1.035">
  <properties/>
  <testcase name="testNoReports" classname="com.mindex.challenge.service.impl.ReportingStructureServiceImplTest" time="0.963"/>
  <testcase name="testPartialHierarchy" classname="com.mindex.challenge.service.impl.ReportingStructureServiceImplTest" time="0.025"/>
  <testcase name="testFullHierarchy" classname="com.mindex.challenge.service.impl.ReportingStructureServiceImplTest" time="0.018"/>
  <testcase name="testInvalidEmployee" classname="com.mindex.challenge.service.impl.ReportingStructureServiceImplTest" time="0.017"/>
  <testcase name="testPaulMcCartney" classname="com.mindex.challenge.service.impl.ReportingStructureServiceImplTest" time="0.009"/>
  <system-out><![CDATA[19:23:19.858 [Test worker] INFO org.springframework.test.context.support.AnnotationConfigContextLoaderUtils -- Could not detect default configuration classes for test class [com.mindex.challenge.service.impl.ReportingStructureServiceImplTest]: ReportingStructureServiceImplTest does not declare any static, non-private, non-final, nested classes annotated with @Configuration.
19:23:19.997 [Test worker] INFO org.springframework.boot.test.context.SpringBootTestContextBootstrapper -- Found @SpringBootConfiguration com.mindex.challenge.ChallengeApplication for test class com.mindex.challenge.service.impl.ReportingStructureServiceImplTest

  .   ____          _            __ _ _
 /\\ / ___'_ __ _ _(_)_ __  __ _ \ \ \ \
( ( )\___ | '_ | '_| | '_ \/ _` | \ \ \ \
 \\/  ___)| |_)| | | | | || (_| |  ) ) ) )
  '  |____| .__|_| |_|_| |_\__, | / / / /
 =========|_|==============|___/=/_/_/_/
 :: Spring Boot ::                (v3.2.3)

2025-02-05T19:23:20.494-05:00  INFO 11916 --- [    Test worker] .c.s.i.ReportingStructureServiceImplTest : Starting ReportingStructureServiceImplTest using Java 17.0.11 with PID 11916 (started by BrantleysPC in C:\Users\BrantleysPC\Downloads\mindex-code-challenge\mindex-code-challenge)
2025-02-05T19:23:20.495-05:00 DEBUG 11916 --- [    Test worker] .c.s.i.ReportingStructureServiceImplTest : Running with Spring Boot v3.2.3, Spring v6.1.4
2025-02-05T19:23:20.497-05:00  INFO 11916 --- [    Test worker] .c.s.i.ReportingStructureServiceImplTest : No active profile set, falling back to 1 default profile: "default"
2025-02-05T19:23:21.022-05:00  INFO 11916 --- [    Test worker] .s.d.r.c.RepositoryConfigurationDelegate : Bootstrapping Spring Data MongoDB repositories in DEFAULT mode.
2025-02-05T19:23:21.076-05:00  INFO 11916 --- [    Test worker] .s.d.r.c.RepositoryConfigurationDelegate : Finished Spring Data repository scanning in 47 ms. Found 2 MongoDB repository interfaces.
2025-02-05T19:23:21.910-05:00  INFO 11916 --- [    Test worker] o.s.b.w.embedded.tomcat.TomcatWebServer  : Tomcat initialized with port 0 (http)
2025-02-05T19:23:21.924-05:00  INFO 11916 --- [    Test worker] o.apache.catalina.core.StandardService   : Starting service [Tomcat]
2025-02-05T19:23:21.925-05:00  INFO 11916 --- [    Test worker] o.apache.catalina.core.StandardEngine    : Starting Servlet engine: [Apache Tomcat/10.1.19]
2025-02-05T19:23:22.011-05:00  INFO 11916 --- [    Test worker] o.a.c.c.C.[Tomcat].[localhost].[/]       : Initializing Spring embedded WebApplicationContext
2025-02-05T19:23:22.012-05:00  INFO 11916 --- [    Test worker] w.s.c.ServletWebServerApplicationContext : Root WebApplicationContext: initialization completed in 1489 ms
2025-02-05T19:23:22.362-05:00  INFO 11916 --- [    Test worker] de.bwaldvogel.mongo.MongoServer          : started MongoServer(port: 53780, ssl: false)
2025-02-05T19:23:22.531-05:00  INFO 11916 --- [    Test worker] org.mongodb.driver.client                : MongoClient with metadata {"driver": {"name": "mongo-java-driver|sync", "version": "4.11.1"}, "os": {"type": "Windows", "name": "Windows 11", "architecture": "amd64", "version": "10.0"}, "platform": "Java/Oracle Corporation/17.0.11+7-LTS-207"} created with settings MongoClientSettings{readPreference=primary, writeConcern=WriteConcern{w=null, wTimeout=null ms, journal=null}, retryWrites=true, retryReads=true, readConcern=ReadConcern{level=null}, credential=null, transportSettings=null, streamFactoryFactory=null, commandListeners=[], codecRegistry=ProvidersCodecRegistry{codecProviders=[ValueCodecProvider{}, BsonValueCodecProvider{}, DBRefCodecProvider{}, DBObjectCodecProvider{}, DocumentCodecProvider{}, CollectionCodecProvider{}, IterableCodecProvider{}, MapCodecProvider{}, GeoJsonCodecProvider{}, GridFSFileCodecProvider{}, Jsr310CodecProvider{}, JsonObjectCodecProvider{}, BsonCodecProvider{}, EnumCodecProvider{}, com.mongodb.client.model.mql.ExpressionCodecProvider@5175d9ad, com.mongodb.Jep395RecordCodecProvider@b06d46d, com.mongodb.KotlinCodecProvider@25a5c8e]}, loggerSettings=LoggerSettings{maxDocumentLength=1000}, clusterSettings={hosts=[kubernetes.docker.internal:53780], srvServiceName=mongodb, mode=SINGLE, requiredClusterType=UNKNOWN, requiredReplicaSetName='null', serverSelector='null', clusterListeners='[]', serverSelectionTimeout='30000 ms', localThreshold='15 ms'}, socketSettings=SocketSettings{connectTimeoutMS=10000, readTimeoutMS=0, receiveBufferSize=0, proxySettings=ProxySettings{host=null, port=null, username=null, password=null}}, heartbeatSocketSettings=SocketSettings{connectTimeoutMS=10000, readTimeoutMS=10000, receiveBufferSize=0, proxySettings=ProxySettings{host=null, port=null, username=null, password=null}}, connectionPoolSettings=ConnectionPoolSettings{maxSize=100, minSize=0, maxWaitTimeMS=120000, maxConnectionLifeTimeMS=0, maxConnectionIdleTimeMS=0, maintenanceInitialDelayMS=0, maintenanceFrequencyMS=60000, connectionPoolListeners=[], maxConnecting=2}, serverSettings=ServerSettings{heartbeatFrequencyMS=10000, minHeartbeatFrequencyMS=500, serverListeners='[]', serverMonitorListeners='[]'}, sslSettings=SslSettings{enabled=false, invalidHostNameAllowed=false, context=null}, applicationName='null', compressorList=[], uuidRepresentation=UNSPECIFIED, serverApi=null, autoEncryptionSettings=null, dnsClient=null, inetAddressResolver=null, contextProvider=null}
2025-02-05T19:23:22.546-05:00  INFO 11916 --- [-server-worker2] d.b.mongo.wire.MongoWireProtocolHandler  : client [id: 0xe4c5190b, L:/127.0.0.1:53780 - R:/127.0.0.1:53782] connected
2025-02-05T19:23:22.546-05:00  INFO 11916 --- [-server-worker1] d.b.mongo.wire.MongoWireProtocolHandler  : client [id: 0xcb428e02, L:/127.0.0.1:53780 - R:/127.0.0.1:53781] connected
2025-02-05T19:23:22.624-05:00  INFO 11916 --- [.internal:53780] org.mongodb.driver.cluster               : Monitor thread successfully connected to server with description ServerDescription{address=kubernetes.docker.internal:53780, type=STANDALONE, state=CONNECTED, ok=true, minWireVersion=0, maxWireVersion=6, maxDocumentSize=16777216, logicalSessionTimeoutMinutes=null, roundTripTimeNanos=102986800}
2025-02-05T19:23:23.096-05:00  INFO 11916 --- [-server-worker3] d.b.mongo.wire.MongoWireProtocolHandler  : client [id: 0x07270bc4, L:/127.0.0.1:53780 - R:/127.0.0.1:53784] connected
2025-02-05T19:23:23.136-05:00  INFO 11916 --- [-server-worker3] d.b.mongo.backend.AbstractMongoBackend   : created database test
2025-02-05T19:23:23.244-05:00  INFO 11916 --- [-server-worker3] d.b.mongo.backend.AbstractMongoDatabase  : adding unique _id index for collection employee
2025-02-05T19:23:23.250-05:00  INFO 11916 --- [-server-worker3] d.b.mongo.backend.AbstractMongoDatabase  : created collection test.employee
2025-02-05T19:23:23.668-05:00  INFO 11916 --- [    Test worker] o.s.b.w.embedded.tomcat.TomcatWebServer  : Tomcat started on port 53785 (http) with context path ''
2025-02-05T19:23:23.680-05:00  INFO 11916 --- [    Test worker] .c.s.i.ReportingStructureServiceImplTest : Started ReportingStructureServiceImplTest in 3.498 seconds (process running for 4.615)
2025-02-05T19:23:24.521-05:00  INFO 11916 --- [o-auto-1-exec-1] o.a.c.c.C.[Tomcat].[localhost].[/]       : Initializing Spring DispatcherServlet 'dispatcherServlet'
2025-02-05T19:23:24.522-05:00  INFO 11916 --- [o-auto-1-exec-1] o.s.web.servlet.DispatcherServlet        : Initializing Servlet 'dispatcherServlet'
2025-02-05T19:23:24.523-05:00  INFO 11916 --- [o-auto-1-exec-1] o.s.web.servlet.DispatcherServlet        : Completed initialization in 1 ms
2025-02-05T19:23:24.561-05:00 DEBUG 11916 --- [o-auto-1-exec-1] c.m.c.c.ReportingStructureController     : Received reporting structure request for id [62c1084e-6e34-4630-93fd-9153afb65309]
2025-02-05T19:23:24.659-05:00 DEBUG 11916 --- [o-auto-1-exec-2] c.m.c.c.ReportingStructureController     : Received reporting structure request for id [03aa1462-ffa9-4978-901b-7c001562cf6f]
2025-02-05T19:23:24.685-05:00 DEBUG 11916 --- [o-auto-1-exec-3] c.m.c.c.ReportingStructureController     : Received reporting structure request for id [16a596ae-edd3-4847-99fe-c4518e82c86f]
2025-02-05T19:23:24.707-05:00 DEBUG 11916 --- [o-auto-1-exec-4] c.m.c.c.ReportingStructureController     : Received reporting structure request for id [invalid-id]
2025-02-05T19:23:24.720-05:00 DEBUG 11916 --- [o-auto-1-exec-5] c.m.c.c.ReportingStructureController     : Received reporting structure request for id [b7839309-3348-463b-a7e3-5de1c168beb3]
]]></system-out>
  <system-err><![CDATA[]]></system-err>
</testsuite>
